<?xml version="1.0" encoding="UTF-8"?>
<!-- Generated by org.testng.reporters.JUnitReportReporter -->
<testsuite hostname="DESKTOP-T561565" failures="0" tests="1" name="unit_testing.run" time="8.638" errors="0" timestamp="2022-11-29T16:50:28 IST" skipped="0">
  <testcase classname="unit_testing.run" name="go" time="8.638"/>
  <system-out/>
</testsuite> <!-- unit_testing.run -->
