<?xml version="1.0" encoding="UTF-8"?>
<!-- Generated by org.testng.reporters.JUnitReportReporter -->
<testsuite hostname="DESKTOP-T561565" failures="0" tests="1" name="Testng.fun" time="9.672" errors="0" timestamp="2022-11-29T17:43:54 IST" skipped="0">
  <testcase classname="Testng.fun" name="go" time="9.672"/>
  <system-out/>
</testsuite> <!-- Testng.fun -->
