<?xml version="1.0" encoding="UTF-8"?>
<!-- Generated by org.testng.reporters.JUnitReportReporter -->
<testsuite hostname="DESKTOP-T561565" failures="0" tests="1" name="unit_testing.Testreport" time="27.579" errors="0" timestamp="2022-11-28T09:01:56 IST" skipped="0">
  <testcase classname="unit_testing.Testreport" name="test" time="27.579"/>
  <system-out/>
</testsuite> <!-- unit_testing.Testreport -->
