<?xml version="1.0" encoding="UTF-8"?>
<!-- Generated by org.testng.reporters.JUnitReportReporter -->
<testsuite hostname="DESKTOP-T561565" failures="0" tests="1" name="test1.Thyroid" time="24.177" errors="0" timestamp="2022-12-09T17:19:18 IST" skipped="0">
  <testcase classname="test1.Thyroid" name="thyroid" time="24.177"/>
  <system-out/>
</testsuite> <!-- test1.Thyroid -->
