<?xml version="1.0" encoding="UTF-8"?>
<!-- Generated by org.testng.reporters.JUnitReportReporter -->
<testsuite hostname="DESKTOP-T561565" failures="0" tests="1" name="Testng.onetest" time="9.993" errors="0" timestamp="2022-11-29T16:51:19 IST" skipped="0">
  <testcase classname="Testng.onetest" name="error" time="9.993"/>
  <system-out/>
</testsuite> <!-- Testng.onetest -->
