<?xml version="1.0" encoding="UTF-8"?>
<!-- Generated by org.testng.reporters.JUnitReportReporter -->
<testsuite hostname="DESKTOP-T561565" failures="0" tests="1" name="test1.HomeIcon" time="39.811" errors="0" timestamp="2022-12-09T08:54:09 IST" skipped="0">
  <testcase classname="test1.HomeIcon" name="Home" time="39.811"/>
  <system-out/>
</testsuite> <!-- test1.HomeIcon -->
