<?xml version="1.0" encoding="UTF-8"?>
<!-- Generated by org.testng.reporters.JUnitReportReporter -->
<testsuite hostname="DESKTOP-T561565" failures="0" tests="1" name="test1.Heart" time="27.389" errors="0" timestamp="2022-11-29T20:41:09 IST" skipped="0">
  <testcase classname="test1.Heart" name="heart" time="27.389"/>
  <system-out/>
</testsuite> <!-- test1.Heart -->
